<?xml version="1.0" encoding="UTF-8"?>
<testsuite xmlns:xsi="http://www.w3.org/2001/XMLSchema-instance" xsi:noNamespaceSchemaLocation="https://maven.apache.org/surefire/maven-surefire-plugin/xsd/surefire-test-report-3.0.xsd" version="3.0" name="com.winterwell.utils.SimpleTemplateVarsTest" time="0.089" tests="4" errors="0" skipped="1" failures="0">
  <properties>
    <property name="java.specification.version" value="17"/>
    <property name="sun.jnu.encoding" value="UTF-8"/>
    <property name="java.class.path" value="/home/aidan/winterwell/open-code/winterwell.web/target/test-classes:/home/aidan/winterwell/open-code/winterwell.web/target/classes:/home/aidan/.m2/repository/junit/junit/4.7/junit-4.7.jar:/home/aidan/.m2/repository/good-loop/com/winterwell.utils/0.0.1-SNAPSHOT/winterwell.utils-0.0.1-SNAPSHOT.jar:/home/aidan/.m2/repository/com/thoughtworks/xstream/xstream/1.4.19/xstream-1.4.19.jar:/home/aidan/.m2/repository/io/github/x-stream/mxparser/1.2.2/mxparser-1.2.2.jar:/home/aidan/.m2/repository/xmlpull/xmlpull/1.1.3.1/xmlpull-1.1.3.1.jar:/home/aidan/.m2/repository/org/ogce/xpp3/1.1.6/xpp3-1.1.6.jar:/home/aidan/.m2/repository/jakarta-regexp/jakarta-regexp/1.4/jakarta-regexp-1.4.jar:/home/aidan/.m2/repository/good-loop/com/flexi-gson/0.0.1-SNAPSHOT/flexi-gson-0.0.1-SNAPSHOT.jar:/home/aidan/.m2/repository/org/eclipse/jetty/jetty-server/10.0.7/jetty-server-10.0.7.jar:/home/aidan/.m2/repository/org/eclipse/jetty/toolchain/jetty-servlet-api/4.0.6/jetty-servlet-api-4.0.6.jar:/home/aidan/.m2/repository/org/eclipse/jetty/jetty-http/10.0.7/jetty-http-10.0.7.jar:/home/aidan/.m2/repository/org/eclipse/jetty/jetty-io/10.0.7/jetty-io-10.0.7.jar:/home/aidan/.m2/repository/org/slf4j/slf4j-api/2.0.0-alpha5/slf4j-api-2.0.0-alpha5.jar:/home/aidan/.m2/repository/org/eclipse/jetty/jetty-util/10.0.7/jetty-util-10.0.7.jar:/home/aidan/.m2/repository/org/eclipse/jetty/jetty-util-ajax/10.0.7/jetty-util-ajax-10.0.7.jar:/home/aidan/.m2/repository/org/eclipse/jetty/jetty-servlet/10.0.7/jetty-servlet-10.0.7.jar:/home/aidan/.m2/repository/org/eclipse/jetty/jetty-security/10.0.7/jetty-security-10.0.7.jar:/home/aidan/.m2/repository/com/sun/mail/jakarta.mail/2.0.1/jakarta.mail-2.0.1.jar:/home/aidan/.m2/repository/com/sun/activation/jakarta.activation/2.0.1/jakarta.activation-2.0.1.jar:/home/aidan/.m2/repository/com/sun/mail/gimap/2.0.1/gimap-2.0.1.jar:/home/aidan/.m2/repository/com/sun/mail/mailapi/2.0.1/mailapi-2.0.1.jar:/home/aidan/.m2/repository/com/sun/mail/imap/2.0.1/imap-2.0.1.jar:/home/aidan/.m2/repository/eu/medsea/mimeutil/mime-util/1.3/mime-util-1.3.jar:/home/aidan/.m2/repository/commons-logging/commons-logging/1.1.1/commons-logging-1.1.1.jar:/home/aidan/.m2/repository/log4j/log4j/1.2.14/log4j-1.2.14.jar:/home/aidan/.m2/repository/org/apache/httpcomponents/httpclient/4.5.10/httpclient-4.5.10.jar:/home/aidan/.m2/repository/org/apache/httpcomponents/httpcore/4.4.12/httpcore-4.4.12.jar:/home/aidan/.m2/repository/commons-codec/commons-codec/1.11/commons-codec-1.11.jar:/home/aidan/.m2/repository/org/ccil/cowan/tagsoup/tagsoup/1.2.1/tagsoup-1.2.1.jar:/home/aidan/.m2/repository/commons-fileupload/commons-fileupload/1.4/commons-fileupload-1.4.jar:/home/aidan/.m2/repository/commons-io/commons-io/2.6/commons-io-2.6.jar:/home/aidan/.m2/repository/org/apache/commons/commons-lang3/3.9/commons-lang3-3.9.jar:/home/aidan/.m2/repository/dnsjava/dnsjava/2.1.9/dnsjava-2.1.9.jar:"/>
    <property name="java.vm.vendor" value="Private Build"/>
    <property name="sun.arch.data.model" value="64"/>
    <property name="java.vendor.url" value="Unknown"/>
    <property name="os.name" value="Linux"/>
    <property name="java.vm.specification.version" value="17"/>
    <property name="sun.java.launcher" value="SUN_STANDARD"/>
    <property name="user.country" value="GB"/>
    <property name="sun.boot.library.path" value="/usr/lib/jvm/java-17-openjdk-amd64/lib"/>
    <property name="sun.java.command" value="/home/aidan/winterwell/open-code/winterwell.web/target/surefire/surefirebooter-20240110131626213_3.jar /home/aidan/winterwell/open-code/winterwell.web/target/surefire 2024-01-10T13-16-26_123-jvmRun1 surefire-20240110131626213_1tmp surefire_0-20240110131626213_2tmp"/>
    <property name="jdk.debug" value="release"/>
    <property name="surefire.test.class.path" value="/home/aidan/winterwell/open-code/winterwell.web/target/test-classes:/home/aidan/winterwell/open-code/winterwell.web/target/classes:/home/aidan/.m2/repository/junit/junit/4.7/junit-4.7.jar:/home/aidan/.m2/repository/good-loop/com/winterwell.utils/0.0.1-SNAPSHOT/winterwell.utils-0.0.1-SNAPSHOT.jar:/home/aidan/.m2/repository/com/thoughtworks/xstream/xstream/1.4.19/xstream-1.4.19.jar:/home/aidan/.m2/repository/io/github/x-stream/mxparser/1.2.2/mxparser-1.2.2.jar:/home/aidan/.m2/repository/xmlpull/xmlpull/1.1.3.1/xmlpull-1.1.3.1.jar:/home/aidan/.m2/repository/org/ogce/xpp3/1.1.6/xpp3-1.1.6.jar:/home/aidan/.m2/repository/jakarta-regexp/jakarta-regexp/1.4/jakarta-regexp-1.4.jar:/home/aidan/.m2/repository/good-loop/com/flexi-gson/0.0.1-SNAPSHOT/flexi-gson-0.0.1-SNAPSHOT.jar:/home/aidan/.m2/repository/org/eclipse/jetty/jetty-server/10.0.7/jetty-server-10.0.7.jar:/home/aidan/.m2/repository/org/eclipse/jetty/toolchain/jetty-servlet-api/4.0.6/jetty-servlet-api-4.0.6.jar:/home/aidan/.m2/repository/org/eclipse/jetty/jetty-http/10.0.7/jetty-http-10.0.7.jar:/home/aidan/.m2/repository/org/eclipse/jetty/jetty-io/10.0.7/jetty-io-10.0.7.jar:/home/aidan/.m2/repository/org/slf4j/slf4j-api/2.0.0-alpha5/slf4j-api-2.0.0-alpha5.jar:/home/aidan/.m2/repository/org/eclipse/jetty/jetty-util/10.0.7/jetty-util-10.0.7.jar:/home/aidan/.m2/repository/org/eclipse/jetty/jetty-util-ajax/10.0.7/jetty-util-ajax-10.0.7.jar:/home/aidan/.m2/repository/org/eclipse/jetty/jetty-servlet/10.0.7/jetty-servlet-10.0.7.jar:/home/aidan/.m2/repository/org/eclipse/jetty/jetty-security/10.0.7/jetty-security-10.0.7.jar:/home/aidan/.m2/repository/com/sun/mail/jakarta.mail/2.0.1/jakarta.mail-2.0.1.jar:/home/aidan/.m2/repository/com/sun/activation/jakarta.activation/2.0.1/jakarta.activation-2.0.1.jar:/home/aidan/.m2/repository/com/sun/mail/gimap/2.0.1/gimap-2.0.1.jar:/home/aidan/.m2/repository/com/sun/mail/mailapi/2.0.1/mailapi-2.0.1.jar:/home/aidan/.m2/repository/com/sun/mail/imap/2.0.1/imap-2.0.1.jar:/home/aidan/.m2/repository/eu/medsea/mimeutil/mime-util/1.3/mime-util-1.3.jar:/home/aidan/.m2/repository/commons-logging/commons-logging/1.1.1/commons-logging-1.1.1.jar:/home/aidan/.m2/repository/log4j/log4j/1.2.14/log4j-1.2.14.jar:/home/aidan/.m2/repository/org/apache/httpcomponents/httpclient/4.5.10/httpclient-4.5.10.jar:/home/aidan/.m2/repository/org/apache/httpcomponents/httpcore/4.4.12/httpcore-4.4.12.jar:/home/aidan/.m2/repository/commons-codec/commons-codec/1.11/commons-codec-1.11.jar:/home/aidan/.m2/repository/org/ccil/cowan/tagsoup/tagsoup/1.2.1/tagsoup-1.2.1.jar:/home/aidan/.m2/repository/commons-fileupload/commons-fileupload/1.4/commons-fileupload-1.4.jar:/home/aidan/.m2/repository/commons-io/commons-io/2.6/commons-io-2.6.jar:/home/aidan/.m2/repository/org/apache/commons/commons-lang3/3.9/commons-lang3-3.9.jar:/home/aidan/.m2/repository/dnsjava/dnsjava/2.1.9/dnsjava-2.1.9.jar:"/>
    <property name="sun.cpu.endian" value="little"/>
    <property name="user.home" value="/home/aidan"/>
    <property name="user.language" value="en"/>
    <property name="java.specification.vendor" value="Oracle Corporation"/>
    <property name="java.version.date" value="2023-10-17"/>
    <property name="java.home" value="/usr/lib/jvm/java-17-openjdk-amd64"/>
    <property name="file.separator" value="/"/>
    <property name="basedir" value="/home/aidan/winterwell/open-code/winterwell.web"/>
    <property name="java.vm.compressedOopsMode" value="Zero based"/>
    <property name="line.separator" value="&#10;"/>
    <property name="java.specification.name" value="Java Platform API Specification"/>
    <property name="java.vm.specification.vendor" value="Oracle Corporation"/>
    <property name="surefire.real.class.path" value="/home/aidan/winterwell/open-code/winterwell.web/target/surefire/surefirebooter-20240110131626213_3.jar"/>
    <property name="sun.management.compiler" value="HotSpot 64-Bit Tiered Compilers"/>
    <property name="java.runtime.version" value="17.0.9+9-Ubuntu-120.04"/>
    <property name="user.name" value="aidan"/>
    <property name="path.separator" value=":"/>
    <property name="os.version" value="5.15.0-91-generic"/>
    <property name="java.runtime.name" value="OpenJDK Runtime Environment"/>
    <property name="file.encoding" value="UTF-8"/>
    <property name="java.vm.name" value="OpenJDK 64-Bit Server VM"/>
    <property name="localRepository" value="/home/aidan/.m2/repository"/>
    <property name="java.vendor.url.bug" value="Unknown"/>
    <property name="java.io.tmpdir" value="/tmp"/>
    <property name="java.version" value="17.0.9"/>
    <property name="user.dir" value="/home/aidan/winterwell/open-code/winterwell.web"/>
    <property name="os.arch" value="amd64"/>
    <property name="java.vm.specification.name" value="Java Virtual Machine Specification"/>
    <property name="native.encoding" value="UTF-8"/>
    <property name="java.library.path" value="/usr/java/packages/lib:/usr/lib/x86_64-linux-gnu/jni:/lib/x86_64-linux-gnu:/usr/lib/x86_64-linux-gnu:/usr/lib/jni:/lib:/usr/lib"/>
    <property name="java.vm.info" value="mixed mode, sharing"/>
    <property name="java.vendor" value="Private Build"/>
    <property name="java.vm.version" value="17.0.9+9-Ubuntu-120.04"/>
    <property name="sun.io.unicode.encoding" value="UnicodeLittle"/>
    <property name="java.class.version" value="61.0"/>
  </properties>
  <testcase name="testEncodeURIFn" classname="com.winterwell.utils.SimpleTemplateVarsTest" time="0.03"/>
  <testcase name="testProcessNoJS" classname="com.winterwell.utils.SimpleTemplateVarsTest" time="0.041">
    <system-out><![CDATA[#template	Ignoring unset variables: $namething
]]></system-out>
  </testcase>
  <testcase name="testProcessNumberFormat" classname="com.winterwell.utils.SimpleTemplateVarsTest" time="0.0"/>
  <testcase name="testProcessScript" classname="com.winterwell.utils.SimpleTemplateVarsTest" time="0.0">
    <skipped/>
  </testcase>
</testsuite>